2022-03-30 17:10:19,916 - Log4JLogChute initialized using file 'velocity.log'
2022-03-30 17:10:19,917 - Starting Apache Velocity v1.5 (compiled: 2007-02-22 08:52:29)
2022-03-30 17:10:19,917 - Default Properties File: org\apache\velocity\runtime\defaults\velocity.properties
2022-03-30 17:10:19,917 - Trying to use logger class org.apache.velocity.runtime.log.AvalonLogChute
2022-03-30 17:10:19,918 - Couldn't find class org.apache.velocity.runtime.log.AvalonLogChute or necessary supporting classes in classpath.
java.lang.NoClassDefFoundError: org/apache/log/format/Formatter
	at java.base/java.lang.Class.forName0(Native Method)
	at java.base/java.lang.Class.forName(Class.java:466)
	at org.apache.velocity.util.ClassUtils.getClass(ClassUtils.java:63)
	at org.apache.velocity.util.ClassUtils.getNewInstance(ClassUtils.java:95)
	at org.apache.velocity.runtime.log.LogManager.createLogChute(LogManager.java:147)
	at org.apache.velocity.runtime.log.LogManager.updateLog(LogManager.java:208)
	at org.apache.velocity.runtime.RuntimeInstance.initializeLog(RuntimeInstance.java:728)
	at org.apache.velocity.runtime.RuntimeInstance.init(RuntimeInstance.java:240)
	at org.apache.velocity.runtime.RuntimeInstance.init(RuntimeInstance.java:534)
	at org.apache.velocity.app.VelocityEngine.init(VelocityEngine.java:144)
	at org.eclipse.jpt.jpa.gen.internal.PackageGenerator.generateClass(PackageGenerator.java:303)
	at org.eclipse.jpt.jpa.gen.internal.PackageGenerator.generateInternal(PackageGenerator.java:132)
	at org.eclipse.jpt.jpa.gen.internal.PackageGenerator.doGenerate(PackageGenerator.java:106)
	at org.eclipse.jpt.jpa.gen.internal.PackageGenerator.generate(PackageGenerator.java:82)
	at org.eclipse.jpt.jpa.ui.internal.wizards.gen.GenerateEntitiesFromSchemaWizard$GenerateEntitiesJob.runInWorkspace(GenerateEntitiesFromSchemaWizard.java:285)
	at org.eclipse.core.internal.resources.InternalWorkspaceJob.run(InternalWorkspaceJob.java:42)
	at org.eclipse.core.internal.jobs.Worker.run(Worker.java:63)
Caused by: java.lang.ClassNotFoundException: org.apache.log.format.Formatter cannot be found by org.apache.velocity_1.5.0.v200905192330
	at org.eclipse.osgi.internal.loader.BundleLoader.findClass(BundleLoader.java:506)
	at org.eclipse.osgi.internal.loader.ModuleClassLoader.loadClass(ModuleClassLoader.java:170)
	at java.base/java.lang.ClassLoader.loadClass(ClassLoader.java:519)
	... 17 more
2022-03-30 17:10:19,919 - Trying to use logger class org.apache.velocity.runtime.log.Log4JLogChute
2022-03-30 17:10:19,919 - Using logger class org.apache.velocity.runtime.log.Log4JLogChute
2022-03-30 17:10:19,921 - Default ResourceManager initializing. (class org.apache.velocity.runtime.resource.ResourceManagerImpl)
2022-03-30 17:10:19,924 - ResourceLoader instantiated: org.apache.velocity.runtime.resource.loader.FileResourceLoader
2022-03-30 17:10:19,924 - Do unicode file recognition:  false
2022-03-30 17:10:19,924 - FileResourceLoader : adding path 'C:\Users\Vinh Kute\eclipse\jee-2021-09\eclipse\configuration\org.eclipse.jpt.jpa.gen\templates\entities'
2022-03-30 17:10:19,936 - ResourceCache: initialized (class org.apache.velocity.runtime.resource.ResourceCacheImpl)
2022-03-30 17:10:19,937 - Loaded System Directive: org.apache.velocity.runtime.directive.Literal
2022-03-30 17:10:19,938 - Loaded System Directive: org.apache.velocity.runtime.directive.Macro
2022-03-30 17:10:19,939 - Loaded System Directive: org.apache.velocity.runtime.directive.Parse
2022-03-30 17:10:19,940 - Loaded System Directive: org.apache.velocity.runtime.directive.Include
2022-03-30 17:10:19,940 - Loaded System Directive: org.apache.velocity.runtime.directive.Foreach
2022-03-30 17:10:19,973 - Created '20' parsers.
2022-03-30 17:10:19,978 - Velocimacro : "velocimacro.library" is not set.  Trying default library: VM_global_library.vm
2022-03-30 17:10:19,978 - Velocimacro : Default library not found.
2022-03-30 17:10:19,978 - Velocimacro : allowInline = true : VMs can be defined inline in templates
2022-03-30 17:10:19,978 - Velocimacro : allowInlineToOverride = false : VMs defined inline may NOT replace previous VM definitions
2022-03-30 17:10:19,978 - Velocimacro : allowInlineLocal = false : VMs defined inline will be global in scope if allowed.
2022-03-30 17:10:19,978 - Velocimacro : autoload off : VM system will not automatically reload global library macros
2022-03-30 17:10:20,009 - ResourceManager : found main.java.vm with loader org.apache.velocity.runtime.resource.loader.FileResourceLoader
2022-03-30 17:10:20,027 - ResourceManager : found mappingKind.vm with loader org.apache.velocity.runtime.resource.loader.FileResourceLoader
2022-03-30 17:10:20,032 - Velocimacro : added #append(  members parameters ) : source = column.vm
2022-03-30 17:10:20,053 - ResourceManager : found column.vm with loader org.apache.velocity.runtime.resource.loader.FileResourceLoader
2022-03-30 17:10:20,058 - ResourceManager : found mappingKind.vm with loader org.apache.velocity.runtime.resource.loader.FileResourceLoader
2022-03-30 17:10:20,060 - Velocimacro : VM addition rejected : append : inline not allowed to replace existing VM
2022-03-30 17:10:20,061 - Failed to add macro: #append(  members parameters ) : source = column.vm
2022-03-30 17:10:20,073 - ResourceManager : found column.vm with loader org.apache.velocity.runtime.resource.loader.FileResourceLoader
2022-03-30 17:10:20,077 - ResourceManager : found mappingKind.vm with loader org.apache.velocity.runtime.resource.loader.FileResourceLoader
2022-03-30 17:10:20,079 - Velocimacro : VM addition rejected : append : inline not allowed to replace existing VM
2022-03-30 17:10:20,079 - Failed to add macro: #append(  members parameters ) : source = column.vm
2022-03-30 17:10:20,093 - ResourceManager : found column.vm with loader org.apache.velocity.runtime.resource.loader.FileResourceLoader
2022-03-30 17:10:20,099 - ResourceManager : found mappingKind.vm with loader org.apache.velocity.runtime.resource.loader.FileResourceLoader
2022-03-30 17:10:20,101 - Velocimacro : VM addition rejected : append : inline not allowed to replace existing VM
2022-03-30 17:10:20,101 - Failed to add macro: #append(  members parameters ) : source = column.vm
2022-03-30 17:10:20,114 - ResourceManager : found column.vm with loader org.apache.velocity.runtime.resource.loader.FileResourceLoader
2022-03-30 17:10:20,119 - ResourceManager : found mappingKind.vm with loader org.apache.velocity.runtime.resource.loader.FileResourceLoader
2022-03-30 17:10:20,121 - Velocimacro : VM addition rejected : append : inline not allowed to replace existing VM
2022-03-30 17:10:20,121 - Failed to add macro: #append(  members parameters ) : source = column.vm
2022-03-30 17:10:20,129 - ResourceManager : found column.vm with loader org.apache.velocity.runtime.resource.loader.FileResourceLoader
2022-03-30 17:10:20,133 - ResourceManager : found mappingKind.vm with loader org.apache.velocity.runtime.resource.loader.FileResourceLoader
2022-03-30 17:10:20,134 - Velocimacro : VM addition rejected : append : inline not allowed to replace existing VM
2022-03-30 17:10:20,134 - Failed to add macro: #append(  members parameters ) : source = column.vm
2022-03-30 17:10:20,145 - ResourceManager : found column.vm with loader org.apache.velocity.runtime.resource.loader.FileResourceLoader
2022-03-30 17:10:20,149 - ResourceManager : found mappingKind.vm with loader org.apache.velocity.runtime.resource.loader.FileResourceLoader
2022-03-30 17:10:20,150 - Velocimacro : VM addition rejected : append : inline not allowed to replace existing VM
2022-03-30 17:10:20,150 - Failed to add macro: #append(  members parameters ) : source = column.vm
2022-03-30 17:10:20,158 - ResourceManager : found column.vm with loader org.apache.velocity.runtime.resource.loader.FileResourceLoader
2022-03-30 17:10:20,162 - ResourceManager : found mappingKind.vm with loader org.apache.velocity.runtime.resource.loader.FileResourceLoader
2022-03-30 17:10:20,164 - Velocimacro : VM addition rejected : append : inline not allowed to replace existing VM
2022-03-30 17:10:20,164 - Failed to add macro: #append(  members parameters ) : source = column.vm
2022-03-30 17:10:20,171 - ResourceManager : found column.vm with loader org.apache.velocity.runtime.resource.loader.FileResourceLoader
2022-03-30 17:10:20,174 - ResourceManager : found mappingKind.vm with loader org.apache.velocity.runtime.resource.loader.FileResourceLoader
2022-03-30 17:10:20,176 - Velocimacro : VM addition rejected : append : inline not allowed to replace existing VM
2022-03-30 17:10:20,176 - Failed to add macro: #append(  members parameters ) : source = column.vm
2022-03-30 17:10:20,184 - ResourceManager : found column.vm with loader org.apache.velocity.runtime.resource.loader.FileResourceLoader
2022-03-30 17:10:20,189 - ResourceManager : found mappingKind.vm with loader org.apache.velocity.runtime.resource.loader.FileResourceLoader
2022-03-30 17:10:20,189 - Velocimacro : VM addition rejected : append : inline not allowed to replace existing VM
2022-03-30 17:10:20,190 - Failed to add macro: #append(  members parameters ) : source = column.vm
2022-03-30 17:10:20,198 - ResourceManager : found column.vm with loader org.apache.velocity.runtime.resource.loader.FileResourceLoader
